0 info it worked if it ends with ok
1 verbose cli [ '/Users/skwon/.nvm/versions/node/v6.10.3/bin/node',
1 verbose cli   '/Users/skwon/.nvm/versions/node/v6.10.3/bin/npm',
1 verbose cli   'run',
1 verbose cli   'start' ]
2 info using npm@3.10.10
3 info using node@v6.10.3
4 verbose run-script [ 'prestart', 'start', 'poststart' ]
5 info lifecycle koaapp@1.0.0~prestart: koaapp@1.0.0
6 silly lifecycle koaapp@1.0.0~prestart: no script for prestart, continuing
7 info lifecycle koaapp@1.0.0~start: koaapp@1.0.0
8 verbose lifecycle koaapp@1.0.0~start: unsafe-perm in lifecycle true
9 verbose lifecycle koaapp@1.0.0~start: PATH: /Users/skwon/.nvm/versions/node/v6.10.3/lib/node_modules/npm/bin/node-gyp-bin:/Users/skwon/Programming/javascripts/koaapp/node_modules/.bin:/usr/local/go/bin:/Users/skwon/.cargo/bin:/Users/skwon/.nvm/versions/node/v6.10.3/bin:/Users/skwon/.rvm/gems/ruby-2.4.0/bin:/Users/skwon/.rvm/gems/ruby-2.4.0@global/bin:/Users/skwon/.rvm/rubies/ruby-2.4.0/bin:/usr/local/bin:/Users/skwon/.rvm/gems/ruby-2.4.0/bin:/Users/skwon/.rvm/gems/ruby-2.4.0@global/bin:/Users/skwon/.rvm/rubies/ruby-2.4.0/bin:/usr/local/go/bin:/Users/skwon/.cargo/bin:/usr/local/bin:/usr/bin:/bin:/usr/sbin:/sbin:/Users/skwon/bin:/Users/skwon/scala/bin:/Users/skwon/.rvm/bin:/Users/skwon/.rvm/bin:/Users/skwon/bin:/Users/skwon/scala/bin
10 verbose lifecycle koaapp@1.0.0~start: CWD: /Users/skwon/Programming/javascripts/koaapp
11 silly lifecycle koaapp@1.0.0~start: Args: [ '-c', 'node src/server.js' ]
12 silly lifecycle koaapp@1.0.0~start: Returned: code: 1  signal: null
13 info lifecycle koaapp@1.0.0~start: Failed to exec start script
14 verbose stack Error: koaapp@1.0.0 start: `node src/server.js`
14 verbose stack Exit status 1
14 verbose stack     at EventEmitter.<anonymous> (/Users/skwon/.nvm/versions/node/v6.10.3/lib/node_modules/npm/lib/utils/lifecycle.js:255:16)
14 verbose stack     at emitTwo (events.js:106:13)
14 verbose stack     at EventEmitter.emit (events.js:191:7)
14 verbose stack     at ChildProcess.<anonymous> (/Users/skwon/.nvm/versions/node/v6.10.3/lib/node_modules/npm/lib/utils/spawn.js:40:14)
14 verbose stack     at emitTwo (events.js:106:13)
14 verbose stack     at ChildProcess.emit (events.js:191:7)
14 verbose stack     at maybeClose (internal/child_process.js:886:16)
14 verbose stack     at Process.ChildProcess._handle.onexit (internal/child_process.js:226:5)
15 verbose pkgid koaapp@1.0.0
16 verbose cwd /Users/skwon/Programming/javascripts/koaapp
17 error Darwin 16.7.0
18 error argv "/Users/skwon/.nvm/versions/node/v6.10.3/bin/node" "/Users/skwon/.nvm/versions/node/v6.10.3/bin/npm" "run" "start"
19 error node v6.10.3
20 error npm  v3.10.10
21 error code ELIFECYCLE
22 error koaapp@1.0.0 start: `node src/server.js`
22 error Exit status 1
23 error Failed at the koaapp@1.0.0 start script 'node src/server.js'.
23 error Make sure you have the latest version of node.js and npm installed.
23 error If you do, this is most likely a problem with the koaapp package,
23 error not with npm itself.
23 error Tell the author that this fails on your system:
23 error     node src/server.js
23 error You can get information on how to open an issue for this project with:
23 error     npm bugs koaapp
23 error Or if that isn't available, you can get their info via:
23 error     npm owner ls koaapp
23 error There is likely additional logging output above.
24 verbose exit [ 1, true ]
